2019-07-24 18:21:44 [main] INFO  Log:35 - Starting Automation: Loading the Configuration Properties
2019-07-24 18:21:44 [main] INFO  Log:35 - Config file is loaded
2019-07-24 18:21:50 [main] INFO  Log:35 - navigating to :-http://10.133.64.65/ucapps/SMGRBackups_Automation/
2019-07-24 18:21:51 [main] INFO  Log:16 - ****************************************************************************************
2019-07-24 18:21:51 [main] INFO  Log:18 - ****************************************************************************************
2019-07-24 18:21:51 [main] INFO  Log:20 -                                       login                                 
2019-07-24 18:21:51 [main] INFO  Log:22 - ****************************************************************************************
2019-07-24 18:21:51 [main] INFO  Log:24 - ****************************************************************************************
2019-07-24 18:21:51 [main] INFO  Log:30 - Test is Ending...
2019-07-24 18:23:03 [main] INFO  Log:35 - Starting Automation: Loading the Configuration Properties
2019-07-24 18:23:03 [main] INFO  Log:35 - Config file is loaded
2019-07-24 18:23:09 [main] INFO  Log:35 - navigating to :-http://10.133.64.65/ucapps/SMGRBackups_Automation/
2019-07-24 18:23:09 [main] INFO  Log:16 - ****************************************************************************************
2019-07-24 18:23:09 [main] INFO  Log:18 - ****************************************************************************************
2019-07-24 18:23:09 [main] INFO  Log:20 -                                       login                                 
2019-07-24 18:23:09 [main] INFO  Log:22 - ****************************************************************************************
2019-07-24 18:23:09 [main] INFO  Log:24 - ****************************************************************************************
2019-07-24 18:24:49 [main] INFO  Log:35 - Starting Automation: Loading the Configuration Properties
2019-07-24 18:24:49 [main] INFO  Log:35 - Config file is loaded
2019-07-24 18:24:55 [main] INFO  Log:35 - navigating to :-http://10.133.64.65/ucapps/SMGRBackups_Automation/
2019-07-24 18:24:56 [main] INFO  Log:16 - ****************************************************************************************
2019-07-24 18:24:56 [main] INFO  Log:18 - ****************************************************************************************
2019-07-24 18:24:56 [main] INFO  Log:20 -                                       login                                 
2019-07-24 18:24:56 [main] INFO  Log:22 - ****************************************************************************************
2019-07-24 18:24:56 [main] INFO  Log:24 - ****************************************************************************************
2019-07-24 19:32:44 [main] INFO  Log:35 - Starting Automation: Loading the Configuration Properties
2019-07-24 19:32:44 [main] INFO  Log:35 - Config file is loaded
2019-07-24 19:33:30 [main] INFO  Log:35 - Starting Automation: Loading the Configuration Properties
2019-07-24 19:33:30 [main] INFO  Log:35 - Config file is loaded
2019-07-24 19:34:21 [main] INFO  Log:35 - Starting Automation: Loading the Configuration Properties
2019-07-24 19:34:21 [main] INFO  Log:35 - Config file is loaded
2019-07-24 19:36:23 [main] INFO  Log:35 - Starting Automation: Loading the Configuration Properties
2019-07-24 19:36:23 [main] INFO  Log:35 - Config file is loaded
2019-07-24 19:36:28 [main] INFO  Log:35 - navigating to :-http://10.133.64.65/ucapps/SMGRBackups_Automation/
2019-07-24 19:36:28 [main] INFO  Log:16 - ****************************************************************************************
2019-07-24 19:36:28 [main] INFO  Log:18 - ****************************************************************************************
2019-07-24 19:36:28 [main] INFO  Log:20 -                                       login                                 
2019-07-24 19:36:28 [main] INFO  Log:22 - ****************************************************************************************
2019-07-24 19:36:28 [main] INFO  Log:24 - ****************************************************************************************
2019-07-24 19:36:50 [main] INFO  Log:35 - Starting Automation: Loading the Configuration Properties
2019-07-24 19:36:50 [main] INFO  Log:35 - Config file is loaded
2019-07-24 19:36:55 [main] INFO  Log:35 - navigating to :-http://10.133.64.65/ucapps/SMGRBackups_Automation/
2019-07-24 19:36:56 [main] INFO  Log:16 - ****************************************************************************************
2019-07-24 19:36:56 [main] INFO  Log:18 - ****************************************************************************************
2019-07-24 19:36:56 [main] INFO  Log:20 -                                       login                                 
2019-07-24 19:36:56 [main] INFO  Log:22 - ****************************************************************************************
2019-07-24 19:36:56 [main] INFO  Log:24 - ****************************************************************************************
2019-07-24 19:42:35 [main] INFO  Log:35 - Starting Automation: Loading the Configuration Properties
2019-07-24 19:42:35 [main] INFO  Log:35 - Config file is loaded
2019-07-24 19:42:40 [main] INFO  Log:35 - navigating to :-http://10.133.64.65/ucapps/SMGRBackups_Automation/
2019-07-24 19:42:40 [main] INFO  Log:16 - ****************************************************************************************
2019-07-24 19:42:40 [main] INFO  Log:18 - ****************************************************************************************
2019-07-24 19:42:40 [main] INFO  Log:20 -                                       login                                 
2019-07-24 19:42:40 [main] INFO  Log:22 - ****************************************************************************************
2019-07-24 19:42:40 [main] INFO  Log:24 - ****************************************************************************************
2019-07-24 20:14:41 [main] INFO  Log:35 - Starting Automation: Loading the Configuration Properties
2019-07-24 20:14:41 [main] INFO  Log:35 - Config file is loaded
2019-07-24 20:14:47 [main] INFO  Log:35 - navigating to :-http://10.133.64.65/ucapps/SMGRBackups_Automation/
2019-07-24 20:14:47 [main] INFO  Log:16 - ****************************************************************************************
2019-07-24 20:14:47 [main] INFO  Log:18 - ****************************************************************************************
2019-07-24 20:14:47 [main] INFO  Log:20 -                                       login                                 
2019-07-24 20:14:47 [main] INFO  Log:22 - ****************************************************************************************
2019-07-24 20:14:47 [main] INFO  Log:24 - ****************************************************************************************
2019-07-25 11:32:16 [main] INFO  Log:35 - Starting Automation: Loading the Configuration Properties
2019-07-25 11:32:16 [main] INFO  Log:35 - Config file is loaded
2019-07-25 11:32:27 [main] INFO  Log:35 - navigating to :-http://10.133.64.65/ucapps/SMGRBackups_Automation/
2019-07-25 11:32:28 [main] INFO  Log:16 - ****************************************************************************************
2019-07-25 11:32:28 [main] INFO  Log:18 - ****************************************************************************************
2019-07-25 11:32:28 [main] INFO  Log:20 -                                       login                                 
2019-07-25 11:32:28 [main] INFO  Log:22 - ****************************************************************************************
2019-07-25 11:32:28 [main] INFO  Log:24 - ****************************************************************************************
2019-07-25 11:33:46 [main] INFO  Log:35 - Starting Automation: Loading the Configuration Properties
2019-07-25 11:33:46 [main] INFO  Log:35 - Config file is loaded
2019-07-25 11:33:53 [main] INFO  Log:35 - navigating to :-http://10.133.64.65/ucapps/SMGRBackups_Automation/
2019-07-25 11:33:53 [main] INFO  Log:16 - ****************************************************************************************
2019-07-25 11:33:53 [main] INFO  Log:18 - ****************************************************************************************
2019-07-25 11:33:53 [main] INFO  Log:20 -                                       login                                 
2019-07-25 11:33:53 [main] INFO  Log:22 - ****************************************************************************************
2019-07-25 11:33:53 [main] INFO  Log:24 - ****************************************************************************************
2019-07-25 11:34:16 [main] INFO  Log:35 - Starting Automation: Loading the Configuration Properties
2019-07-25 11:34:16 [main] INFO  Log:35 - Config file is loaded
2019-07-25 11:34:26 [main] INFO  Log:35 - navigating to :-http://10.133.64.65/ucapps/SMGRBackups_Automation/
2019-07-25 11:34:27 [main] INFO  Log:16 - ****************************************************************************************
2019-07-25 11:34:27 [main] INFO  Log:18 - ****************************************************************************************
2019-07-25 11:34:27 [main] INFO  Log:20 -                                       login                                 
2019-07-25 11:34:27 [main] INFO  Log:22 - ****************************************************************************************
2019-07-25 11:34:27 [main] INFO  Log:24 - ****************************************************************************************
2019-07-25 11:40:49 [main] INFO  Log:35 - Starting Automation: Loading the Configuration Properties
2019-07-25 11:40:49 [main] INFO  Log:35 - Config file is loaded
2019-07-25 11:46:14 [main] INFO  Log:35 - Starting Automation: Loading the Configuration Properties
2019-07-25 11:46:14 [main] INFO  Log:35 - Config file is loaded
2019-07-25 11:46:22 [main] INFO  Log:35 - navigating to :-http://10.133.64.65/ucapps/SMGRBackups_Automation/
2019-07-25 11:46:22 [main] INFO  Log:16 - ****************************************************************************************
2019-07-25 11:46:22 [main] INFO  Log:18 - ****************************************************************************************
2019-07-25 11:46:22 [main] INFO  Log:20 -                                       login                                 
2019-07-25 11:46:22 [main] INFO  Log:22 - ****************************************************************************************
2019-07-25 11:46:22 [main] INFO  Log:24 - ****************************************************************************************
2019-07-25 11:46:41 [main] INFO  Log:35 - Starting Automation: Loading the Configuration Properties
2019-07-25 11:46:41 [main] INFO  Log:35 - Config file is loaded
2019-07-25 11:47:21 [main] INFO  Log:35 - navigating to :-http://10.133.64.65/ucapps/SMGRBackups_Automation/
2019-07-25 11:47:21 [main] INFO  Log:16 - ****************************************************************************************
2019-07-25 11:47:21 [main] INFO  Log:18 - ****************************************************************************************
2019-07-25 11:47:21 [main] INFO  Log:20 -                                       login                                 
2019-07-25 11:47:21 [main] INFO  Log:22 - ****************************************************************************************
2019-07-25 11:47:21 [main] INFO  Log:24 - ****************************************************************************************
2019-07-25 12:01:06 [main] INFO  Log:35 - Starting Automation: Loading the Configuration Properties
2019-07-25 12:01:06 [main] INFO  Log:35 - Config file is loaded
2019-07-25 12:01:13 [main] INFO  Log:35 - navigating to :-http://10.133.64.65/ucapps/SMGRBackups_Automation/
2019-07-25 12:01:14 [main] INFO  Log:16 - ****************************************************************************************
2019-07-25 12:01:14 [main] INFO  Log:18 - ****************************************************************************************
2019-07-25 12:01:14 [main] INFO  Log:20 -                                       login                                 
2019-07-25 12:01:14 [main] INFO  Log:22 - ****************************************************************************************
2019-07-25 12:01:14 [main] INFO  Log:24 - ****************************************************************************************
2019-07-25 14:38:11 [main] INFO  Log:35 - Starting Automation: Loading the Configuration Properties
2019-07-25 14:38:11 [main] INFO  Log:35 - Config file is loaded
2019-07-25 14:38:18 [main] INFO  Log:35 - navigating to :-http://10.133.64.65/ucapps/SMGRBackups_Automation/
2019-07-25 14:38:18 [main] INFO  Log:16 - ****************************************************************************************
2019-07-25 14:38:18 [main] INFO  Log:18 - ****************************************************************************************
2019-07-25 14:38:18 [main] INFO  Log:20 -                                       login                                 
2019-07-25 14:38:18 [main] INFO  Log:22 - ****************************************************************************************
2019-07-25 14:38:18 [main] INFO  Log:24 - ****************************************************************************************
2019-07-25 14:41:40 [main] INFO  Log:35 - Starting Automation: Loading the Configuration Properties
2019-07-25 14:41:40 [main] INFO  Log:35 - Config file is loaded
2019-07-25 14:42:10 [main] INFO  Log:35 - Starting Automation: Loading the Configuration Properties
2019-07-25 14:42:10 [main] INFO  Log:35 - Config file is loaded
2019-07-25 14:42:15 [main] INFO  Log:35 - navigating to :-http://10.133.64.65/ucapps/SMGRBackups_Automation/
2019-07-25 14:42:15 [main] INFO  Log:16 - ****************************************************************************************
2019-07-25 14:42:15 [main] INFO  Log:18 - ****************************************************************************************
2019-07-25 14:42:15 [main] INFO  Log:20 -                                       login                                 
2019-07-25 14:42:15 [main] INFO  Log:22 - ****************************************************************************************
2019-07-25 14:42:15 [main] INFO  Log:24 - ****************************************************************************************
2019-07-25 14:45:03 [main] INFO  Log:35 - Starting Automation: Loading the Configuration Properties
2019-07-25 14:45:03 [main] INFO  Log:35 - Config file is loaded
2019-07-25 14:45:10 [main] INFO  Log:35 - navigating to :-http://10.133.64.65/ucapps/SMGRBackups_Automation/
2019-07-25 14:45:10 [main] INFO  Log:16 - ****************************************************************************************
2019-07-25 14:45:10 [main] INFO  Log:18 - ****************************************************************************************
2019-07-25 14:45:10 [main] INFO  Log:20 -                                       login                                 
2019-07-25 14:45:10 [main] INFO  Log:22 - ****************************************************************************************
2019-07-25 14:45:10 [main] INFO  Log:24 - ****************************************************************************************
2019-07-25 14:48:46 [main] INFO  Log:35 - Starting Automation: Loading the Configuration Properties
2019-07-25 14:48:46 [main] INFO  Log:35 - Config file is loaded
2019-07-25 14:48:52 [main] INFO  Log:35 - navigating to :-http://10.133.64.65/ucapps/SMGRBackups_Automation/
2019-07-25 14:48:52 [main] INFO  Log:16 - ****************************************************************************************
2019-07-25 14:48:52 [main] INFO  Log:18 - ****************************************************************************************
2019-07-25 14:48:52 [main] INFO  Log:20 -                                       login                                 
2019-07-25 14:48:52 [main] INFO  Log:22 - ****************************************************************************************
2019-07-25 14:48:52 [main] INFO  Log:24 - ****************************************************************************************
2019-07-25 14:50:02 [main] INFO  Log:35 - Starting Automation: Loading the Configuration Properties
2019-07-25 14:50:02 [main] INFO  Log:35 - Config file is loaded
2019-07-25 14:50:08 [main] INFO  Log:35 - navigating to :-http://10.133.64.65/ucapps/SMGRBackups_Automation/
2019-07-25 14:50:09 [main] INFO  Log:16 - ****************************************************************************************
2019-07-25 14:50:09 [main] INFO  Log:18 - ****************************************************************************************
2019-07-25 14:50:09 [main] INFO  Log:20 -                                       login                                 
2019-07-25 14:50:09 [main] INFO  Log:22 - ****************************************************************************************
2019-07-25 14:50:09 [main] INFO  Log:24 - ****************************************************************************************
2019-07-25 14:51:08 [main] INFO  Log:35 - Starting Automation: Loading the Configuration Properties
2019-07-25 14:51:08 [main] INFO  Log:35 - Config file is loaded
2019-07-25 14:51:13 [main] INFO  Log:35 - navigating to :-http://10.133.64.65/ucapps/SMGRBackups_Automation/
2019-07-25 14:51:14 [main] INFO  Log:16 - ****************************************************************************************
2019-07-25 14:51:14 [main] INFO  Log:18 - ****************************************************************************************
2019-07-25 14:51:14 [main] INFO  Log:20 -                                       login                                 
2019-07-25 14:51:14 [main] INFO  Log:22 - ****************************************************************************************
2019-07-25 14:51:14 [main] INFO  Log:24 - ****************************************************************************************
2019-07-25 14:51:43 [main] INFO  Log:35 - Starting Automation: Loading the Configuration Properties
2019-07-25 14:51:43 [main] INFO  Log:35 - Config file is loaded
2019-07-25 14:51:49 [main] INFO  Log:35 - navigating to :-http://10.133.64.65/ucapps/SMGRBackups_Automation/
2019-07-25 14:51:49 [main] INFO  Log:16 - ****************************************************************************************
2019-07-25 14:51:49 [main] INFO  Log:18 - ****************************************************************************************
2019-07-25 14:51:49 [main] INFO  Log:20 -                                       login                                 
2019-07-25 14:51:49 [main] INFO  Log:22 - ****************************************************************************************
2019-07-25 14:51:49 [main] INFO  Log:24 - ****************************************************************************************
2019-07-25 14:55:32 [main] INFO  Log:35 - Starting Automation: Loading the Configuration Properties
2019-07-25 14:55:32 [main] INFO  Log:35 - Config file is loaded
2019-07-25 14:55:37 [main] INFO  Log:35 - navigating to :-http://10.133.64.65/ucapps/SMGRBackups_Automation/
2019-07-25 14:55:38 [main] INFO  Log:16 - ****************************************************************************************
2019-07-25 14:55:38 [main] INFO  Log:18 - ****************************************************************************************
2019-07-25 14:55:38 [main] INFO  Log:20 -                                       login                                 
2019-07-25 14:55:38 [main] INFO  Log:22 - ****************************************************************************************
2019-07-25 14:55:38 [main] INFO  Log:24 - ****************************************************************************************
2019-07-25 14:55:38 [main] INFO  Log:35 - Clicked on RadioButtonFemale
2019-07-25 14:55:39 [main] INFO  Log:35 - Clicked on RadioButton7
2019-07-25 14:55:39 [main] INFO  Log:35 - Clicked on checkboxManual Tester
2019-07-25 14:55:39 [main] INFO  Log:35 - Clicked on checkboxAutomation Tester
2019-07-25 14:55:39 [main] INFO  Log:35 - Clicked on checkboxQTP
2019-07-25 14:55:39 [main] INFO  Log:35 - Clicked on checkboxSelenium IDE
2019-07-25 14:55:39 [main] INFO  Log:35 - Clicked on checkboxSelenium Webdriver
2019-07-25 14:55:39 [main] INFO  Log:30 - Test is Ending...
